Unloading StdEnv/2020
Running on 2 MPI rank(s)...
   Number of active cells:       65536
   Number of degrees of freedom: 283140
   Volume of triangulation:      2200
   Number of active cells:       65928
   Number of degrees of freedom: 285336
   Volume of triangulation:      2200
   Number of active cells:       68588
   Number of degrees of freedom: 298968
   Volume of triangulation:      2200
   Number of active cells:       82336
   Number of degrees of freedom: 363600
   Volume of triangulation:      2200
   Number of active cells:       159896
   Number of degrees of freedom: 710528
   Volume of triangulation:      2200
   Number of active cells:       674606
   Number of degrees of freedom: 2915064
   Volume of triangulation:      2200


+---------------------------------------------+------------+------------+
| Total wallclock time elapsed since start    |      83.5s |            |
|                                             |            |            |
| Section                         | no. calls |  wall time | % of total |
+---------------------------------+-----------+------------+------------+
| refine                          |         5 |      72.6s |        87% |
| setup_dofs                      |         6 |      50.2s |        60% |
| vertices_to_cell_map            |         1 |     0.665s |       0.8% |
+---------------------------------+-----------+------------+------------+


*****************************************************************
Steady iteration :        1/5
*****************************************************************
Newton iteration: 0  - Residual:  9.7475
  -Tolerance of iterative solver is : 0.0097475
  -Iterative solver took : 4 steps 
		alpha =      1 res = 1.109
Newton iteration: 1  - Residual:  1.109
  -Tolerance of iterative solver is : 0.001109
  -Iterative solver took : 6 steps 
		alpha =      1 res = 0.002019
Newton iteration: 2  - Residual:  0.002019
  -Tolerance of iterative solver is : 2.019e-06
  -Iterative solver took : 8 steps 
		alpha =      1 res = 8.759e-07


+---------------------------------------------+------------+------------+
| Total wallclock time elapsed since start    |       674s |            |
|                                             |            |            |
| Section                         | no. calls |  wall time | % of total |
+---------------------------------+-----------+------------+------------+
| assemble_rhs                    |         3 |      49.2s |       7.3% |
| assemble_sharp                  |         6 |        73s |        11% |
| assemble_system                 |         3 |       233s |        35% |
| output                          |         2 |      41.6s |       6.2% |
| setup_AMG                       |         3 |       236s |        35% |
| solve_linear_system             |         3 |        40s |       5.9% |
+---------------------------------+-----------+------------+------------+

+------------------------------------------+
|  Force  summary particle 0               |
+------------------------------------------+
particle ID    f_x      f_y      f_z    
          0 11.462087 0.000002 0.000001 
particle ID    T_x       T_y       T_z    
          0 -0.000000 -0.000001 -0.000004 

*****************************************************************
Steady iteration :        2/5
*****************************************************************
   Number of active cells:       845189
   Number of degrees of freedom: 3639920
   Volume of triangulation:      2200
Newton iteration: 0  - Residual:  0.1803
  -Tolerance of iterative solver is : 0.0001803
  -Iterative solver took : 4 steps 
		alpha =      1 res = 0.0001261
Newton iteration: 1  - Residual:  0.0001261
  -Tolerance of iterative solver is : 1.261e-07
  -Iterative solver took : 11 steps 
		alpha =      1 res = 6.059e-08


+---------------------------------------------+------------+------------+
| Total wallclock time elapsed since start    |       601s |            |
|                                             |            |            |
| Section                         | no. calls |  wall time | % of total |
+---------------------------------+-----------+------------+------------+
| assemble_rhs                    |         2 |      41.8s |         7% |
| assemble_sharp                  |         4 |      53.3s |       8.9% |
| assemble_system                 |         2 |       198s |        33% |
| force_evaluation                |         1 |       2.5s |      0.42% |
| output                          |         1 |      28.8s |       4.8% |
| output_forces_ib                |         1 |    0.0864s |         0% |
| refine                          |         1 |      68.4s |        11% |
| setup_AMG                       |         2 |       163s |        27% |
| setup_dofs                      |         1 |      40.9s |       6.8% |
| solve_linear_system             |         2 |      38.7s |       6.4% |
| vertices_to_cell_map            |         1 |      1.53s |      0.25% |
+---------------------------------+-----------+------------+------------+

+------------------------------------------+
|  Force  summary particle 0               |
+------------------------------------------+
particle ID    f_x       f_y      f_z    
          0 11.462087  0.000002 0.000001 
          0 11.459002 -0.000001 0.000000 
particle ID    T_x       T_y       T_z    
          0 -0.000000 -0.000001 -0.000004 
          0 -0.000000 -0.000000  0.000000 

*****************************************************************
Steady iteration :        3/5
*****************************************************************
   Number of active cells:       1097147
   Number of degrees of freedom: 4704820
   Volume of triangulation:      2200
Newton iteration: 0  - Residual:  0.06145
  -Tolerance of iterative solver is : 6.145e-05
  -Iterative solver took : 4 steps 
		alpha =      1 res = 4.367e-05


+---------------------------------------------+------------+------------+
| Total wallclock time elapsed since start    |       438s |            |
|                                             |            |            |
| Section                         | no. calls |  wall time | % of total |
+---------------------------------+-----------+------------+------------+
| assemble_rhs                    |         1 |      27.8s |       6.4% |
| assemble_sharp                  |         2 |      29.4s |       6.7% |
| assemble_system                 |         1 |       129s |        30% |
| force_evaluation                |         1 |      2.92s |      0.67% |
| output                          |         1 |      37.8s |       8.6% |
| output_forces_ib                |         1 |    0.0841s |         0% |
| refine                          |         1 |        87s |        20% |
| setup_AMG                       |         1 |       101s |        23% |
| setup_dofs                      |         1 |      51.6s |        12% |
| solve_linear_system             |         1 |      15.5s |       3.5% |
| vertices_to_cell_map            |         1 |      2.15s |      0.49% |
+---------------------------------+-----------+------------+------------+

+------------------------------------------+
|  Force  summary particle 0               |
+------------------------------------------+
particle ID    f_x       f_y       f_z    
          0 11.462087  0.000002  0.000001 
          0 11.459002 -0.000001  0.000000 
          0 11.458741  0.000018 -0.000210 
particle ID    T_x       T_y       T_z    
          0 -0.000000 -0.000001 -0.000004 
          0 -0.000000 -0.000000  0.000000 
          0  0.000017 -0.000025 -0.000031 

*****************************************************************
Steady iteration :        4/5
*****************************************************************
   Number of active cells:       1450108
   Number of degrees of freedom: 6176472
   Volume of triangulation:      2200
Newton iteration: 0  - Residual:  0.02324
  -Tolerance of iterative solver is : 2.324e-05
  -Iterative solver took : 4 steps 
		alpha =      1 res = 1.63e-05


+---------------------------------------------+------------+------------+
| Total wallclock time elapsed since start    |       575s |            |
|                                             |            |            |
| Section                         | no. calls |  wall time | % of total |
+---------------------------------+-----------+------------+------------+
| assemble_rhs                    |         1 |      36.7s |       6.4% |
| assemble_sharp                  |         2 |        33s |       5.7% |
| assemble_system                 |         1 |       174s |        30% |
| force_evaluation                |         1 |      3.54s |      0.61% |
| output                          |         1 |        50s |       8.7% |
| output_forces_ib                |         1 |    0.0939s |         0% |
| refine                          |         1 |       118s |        21% |
| setup_AMG                       |         1 |       130s |        23% |
| setup_dofs                      |         1 |      70.7s |        12% |
| solve_linear_system             |         1 |      19.9s |       3.5% |
| vertices_to_cell_map            |         1 |      2.94s |      0.51% |
+---------------------------------+-----------+------------+------------+

+------------------------------------------+
|  Force  summary particle 0               |
+------------------------------------------+
particle ID    f_x       f_y       f_z    
          0 11.462087  0.000002  0.000001 
          0 11.459002 -0.000001  0.000000 
          0 11.458741  0.000018 -0.000210 
          0 11.459217  0.000007 -0.000043 
particle ID    T_x       T_y       T_z    
          0 -0.000000 -0.000001 -0.000004 
          0 -0.000000 -0.000000  0.000000 
          0  0.000017 -0.000025 -0.000031 
          0  0.000007 -0.000041 -0.000005 

*****************************************************************
Steady iteration :        5/5
*****************************************************************
   Number of active cells:       1981898
   Number of degrees of freedom: 8375636
   Volume of triangulation:      2200
Newton iteration: 0  - Residual:  0.01613
  -Tolerance of iterative solver is : 1.613e-05
  -Iterative solver took : 4 steps 
		alpha =      1 res = 9.445e-06


+---------------------------------------------+------------+------------+
| Total wallclock time elapsed since start    |       774s |            |
|                                             |            |            |
| Section                         | no. calls |  wall time | % of total |
+---------------------------------+-----------+------------+------------+
| assemble_rhs                    |         1 |      50.8s |       6.6% |
| assemble_sharp                  |         2 |      39.1s |         5% |
| assemble_system                 |         1 |       238s |        31% |
| force_evaluation                |         1 |      4.67s |       0.6% |
| output                          |         1 |      67.5s |       8.7% |
| output_forces_ib                |         1 |     0.128s |         0% |
| refine                          |         1 |       160s |        21% |
| setup_AMG                       |         1 |       174s |        22% |
| setup_dofs                      |         1 |       102s |        13% |
| solve_linear_system             |         1 |      27.7s |       3.6% |
| vertices_to_cell_map            |         1 |      4.07s |      0.53% |
+---------------------------------+-----------+------------+------------+

+------------------------------------------+
|  Force  summary particle 0               |
+------------------------------------------+
particle ID    f_x       f_y       f_z    
          0 11.462087  0.000002  0.000001 
          0 11.459002 -0.000001  0.000000 
          0 11.458741  0.000018 -0.000210 
          0 11.459217  0.000007 -0.000043 
          0 11.459223  0.000014 -0.000079 
particle ID    T_x       T_y       T_z    
          0 -0.000000 -0.000001 -0.000004 
          0 -0.000000 -0.000000  0.000000 
          0  0.000017 -0.000025 -0.000031 
          0  0.000007 -0.000041 -0.000005 
          0  0.000002 -0.000014 -0.000006 


+---------------------------------------------+------------+------------+
| Total wallclock time elapsed since start    |      11.6s |            |
|                                             |            |            |
| Section                         | no. calls |  wall time | % of total |
+---------------------------------+-----------+------------+------------+
| force_evaluation                |         1 |      6.38s |        55% |
| output_forces_ib                |         1 |     0.188s |       1.6% |
+---------------------------------+-----------+------------+------------+

