Unloading StdEnv/2020
Running on 4 MPI rank(s)...
   Number of active cells:       65536
   Number of degrees of freedom: 283140
   Volume of triangulation:      2928.2
   Number of active cells:       65900
   Number of degrees of freedom: 285172
   Volume of triangulation:      2928.2
   Number of active cells:       68252
   Number of degrees of freedom: 297020
   Volume of triangulation:      2928.2
   Number of active cells:       78528
   Number of degrees of freedom: 346044
   Volume of triangulation:      2928.2
   Number of active cells:       139932
   Number of degrees of freedom: 622696
   Volume of triangulation:      2928.2
   Number of active cells:       534200
   Number of degrees of freedom: 2319508
   Volume of triangulation:      2928.2


+---------------------------------------------+------------+------------+
| Total wallclock time elapsed since start    |      39.5s |            |
|                                             |            |            |
| Section                         | no. calls |  wall time | % of total |
+---------------------------------+-----------+------------+------------+
| refine                          |         5 |      33.2s |        84% |
| setup_dofs                      |         6 |      21.4s |        54% |
| vertices_to_cell_map            |         1 |     0.262s |      0.66% |
+---------------------------------+-----------+------------+------------+


*****************************************************************
Steady iteration :        1/5
*****************************************************************
Newton iteration: 0  - Residual:  10.8419
  -Tolerance of iterative solver is : 0.0108419
  -Iterative solver took : 4 steps 
		alpha =      1 res = 1.35
Newton iteration: 1  - Residual:  1.35
  -Tolerance of iterative solver is : 0.00135
  -Iterative solver took : 6 steps 
		alpha =      1 res = 0.002404
Newton iteration: 2  - Residual:  0.002404
  -Tolerance of iterative solver is : 2.404e-06
  -Iterative solver took : 8 steps 
		alpha =      1 res = 1.147e-06


+---------------------------------------------+------------+------------+
| Total wallclock time elapsed since start    |       333s |            |
|                                             |            |            |
| Section                         | no. calls |  wall time | % of total |
+---------------------------------+-----------+------------+------------+
| assemble_rhs                    |         3 |      24.2s |       7.3% |
| assemble_sharp                  |         6 |      35.7s |        11% |
| assemble_system                 |         3 |       110s |        33% |
| output                          |         2 |      12.7s |       3.8% |
| setup_AMG                       |         3 |       133s |        40% |
| solve_linear_system             |         3 |      17.6s |       5.3% |
+---------------------------------+-----------+------------+------------+

+------------------------------------------+
|  Force  summary particle 0               |
+------------------------------------------+
particle ID    f_x       f_y       f_z    
          0 11.329284 -0.000001 -0.000006 
particle ID   T_x       T_y       T_z    
          0 0.000000 -0.000002 -0.000001 

*****************************************************************
Steady iteration :        2/5
*****************************************************************
   Number of active cells:       671757
   Number of degrees of freedom: 2906864
   Volume of triangulation:      2928
Newton iteration: 0  - Residual:  0.1923
  -Tolerance of iterative solver is : 0.0001923
  -Iterative solver took : 4 steps 
		alpha =      1 res = 0.0001866
Newton iteration: 1  - Residual:  0.0001866
  -Tolerance of iterative solver is : 1.866e-07
  -Iterative solver took : 10 steps 
		alpha =      1 res = 1.084e-07


+---------------------------------------------+------------+------------+
| Total wallclock time elapsed since start    |       285s |            |
|                                             |            |            |
| Section                         | no. calls |  wall time | % of total |
+---------------------------------+-----------+------------+------------+
| assemble_rhs                    |         2 |      20.7s |       7.2% |
| assemble_sharp                  |         4 |      24.9s |       8.8% |
| assemble_system                 |         2 |      94.1s |        33% |
| force_evaluation                |         1 |      1.37s |      0.48% |
| output                          |         1 |      8.82s |       3.1% |
| output_forces_ib                |         1 |    0.0221s |         0% |
| refine                          |         1 |      29.1s |        10% |
| setup_AMG                       |         2 |      87.3s |        31% |
| setup_dofs                      |         1 |      15.5s |       5.4% |
| solve_linear_system             |         2 |      15.9s |       5.6% |
| vertices_to_cell_map            |         1 |     0.591s |      0.21% |
+---------------------------------+-----------+------------+------------+

+------------------------------------------+
|  Force  summary particle 0               |
+------------------------------------------+
particle ID    f_x       f_y       f_z    
          0 11.329284 -0.000001 -0.000006 
          0 11.326549  0.000001  0.000001 
particle ID   T_x       T_y       T_z    
          0 0.000000 -0.000002 -0.000001 
          0 0.000000 -0.000000  0.000000 

*****************************************************************
Steady iteration :        3/5
*****************************************************************
   Number of active cells:       876563
   Number of degrees of freedom: 3774012
   Volume of triangulation:      2928
Newton iteration: 0  - Residual:  0.06532
  -Tolerance of iterative solver is : 6.532e-05
  -Iterative solver took : 4 steps 
		alpha =      1 res = 5.983e-05


+---------------------------------------------+------------+------------+
| Total wallclock time elapsed since start    |       202s |            |
|                                             |            |            |
| Section                         | no. calls |  wall time | % of total |
+---------------------------------+-----------+------------+------------+
| assemble_rhs                    |         1 |      13.7s |       6.8% |
| assemble_sharp                  |         2 |      13.1s |       6.5% |
| assemble_system                 |         1 |      62.4s |        31% |
| force_evaluation                |         1 |       1.4s |      0.69% |
| output                          |         1 |      11.4s |       5.6% |
| output_forces_ib                |         1 |    0.0263s |         0% |
| refine                          |         1 |      37.5s |        19% |
| setup_AMG                       |         1 |      52.8s |        26% |
| setup_dofs                      |         1 |      19.9s |       9.8% |
| solve_linear_system             |         1 |      6.74s |       3.3% |
| vertices_to_cell_map            |         1 |     0.932s |      0.46% |
+---------------------------------+-----------+------------+------------+

+------------------------------------------+
|  Force  summary particle 0               |
+------------------------------------------+
particle ID    f_x       f_y       f_z    
          0 11.329284 -0.000001 -0.000006 
          0 11.326549  0.000001  0.000001 
          0 11.326390 -0.000202 -0.000138 
particle ID   T_x       T_y       T_z    
          0 0.000000 -0.000002 -0.000001 
          0 0.000000 -0.000000  0.000000 
          0 0.000016 -0.000047  0.000025 

*****************************************************************
Steady iteration :        4/5
*****************************************************************
   Number of active cells:       1150123
   Number of degrees of freedom: 4921028
   Volume of triangulation:      2928
Newton iteration: 0  - Residual:  0.02517
  -Tolerance of iterative solver is : 2.517e-05
  -Iterative solver took : 4 steps 
		alpha =      1 res = 2.245e-05


+---------------------------------------------+------------+------------+
| Total wallclock time elapsed since start    |       266s |            |
|                                             |            |            |
| Section                         | no. calls |  wall time | % of total |
+---------------------------------+-----------+------------+------------+
| assemble_rhs                    |         1 |      18.4s |       6.9% |
| assemble_sharp                  |         2 |      14.9s |       5.6% |
| assemble_system                 |         1 |      83.6s |        31% |
| force_evaluation                |         1 |      1.77s |      0.67% |
| output                          |         1 |      15.2s |       5.7% |
| output_forces_ib                |         1 |    0.0338s |         0% |
| refine                          |         1 |        50s |        19% |
| setup_AMG                       |         1 |        69s |        26% |
| setup_dofs                      |         1 |      26.7s |        10% |
| solve_linear_system             |         1 |      9.17s |       3.4% |
| vertices_to_cell_map            |         1 |      1.16s |      0.44% |
+---------------------------------+-----------+------------+------------+

+------------------------------------------+
|  Force  summary particle 0               |
+------------------------------------------+
particle ID    f_x       f_y       f_z    
          0 11.329284 -0.000001 -0.000006 
          0 11.326549  0.000001  0.000001 
          0 11.326390 -0.000202 -0.000138 
          0 11.326894 -0.000121 -0.000093 
particle ID    T_x       T_y       T_z    
          0  0.000000 -0.000002 -0.000001 
          0  0.000000 -0.000000  0.000000 
          0  0.000016 -0.000047  0.000025 
          0 -0.000001 -0.000045  0.000046 

*****************************************************************
Steady iteration :        5/5
*****************************************************************
   Number of active cells:       1563186
   Number of degrees of freedom: 6632912
   Volume of triangulation:      2928
Newton iteration: 0  - Residual:  0.01815
  -Tolerance of iterative solver is : 1.815e-05
  -Iterative solver took : 4 steps 
		alpha =      1 res = 1.145e-05


+---------------------------------------------+------------+------------+
| Total wallclock time elapsed since start    |       358s |            |
|                                             |            |            |
| Section                         | no. calls |  wall time | % of total |
+---------------------------------+-----------+------------+------------+
| assemble_rhs                    |         1 |      25.1s |         7% |
| assemble_sharp                  |         2 |      17.8s |         5% |
| assemble_system                 |         1 |       115s |        32% |
| force_evaluation                |         1 |      2.24s |      0.63% |
| output                          |         1 |      20.2s |       5.7% |
| output_forces_ib                |         1 |    0.0578s |         0% |
| refine                          |         1 |      68.9s |        19% |
| setup_AMG                       |         1 |      90.3s |        25% |
| setup_dofs                      |         1 |      37.4s |        10% |
| solve_linear_system             |         1 |      12.8s |       3.6% |
| vertices_to_cell_map            |         1 |      1.61s |      0.45% |
+---------------------------------+-----------+------------+------------+

+------------------------------------------+
|  Force  summary particle 0               |
+------------------------------------------+
particle ID    f_x       f_y       f_z    
          0 11.329284 -0.000001 -0.000006 
          0 11.326549  0.000001  0.000001 
          0 11.326390 -0.000202 -0.000138 
          0 11.326894 -0.000121 -0.000093 
          0 11.327048 -0.000056 -0.000096 
particle ID    T_x       T_y       T_z    
          0  0.000000 -0.000002 -0.000001 
          0  0.000000 -0.000000  0.000000 
          0  0.000016 -0.000047  0.000025 
          0 -0.000001 -0.000045  0.000046 
          0  0.000003 -0.000026  0.000025 


+---------------------------------------------+------------+------------+
| Total wallclock time elapsed since start    |      5.76s |            |
|                                             |            |            |
| Section                         | no. calls |  wall time | % of total |
+---------------------------------+-----------+------------+------------+
| force_evaluation                |         1 |      2.97s |        52% |
| output_forces_ib                |         1 |    0.0783s |       1.4% |
+---------------------------------+-----------+------------+------------+

