Unloading StdEnv/2020
Running on 4 MPI rank(s)...
   Number of active cells:       524288
   Number of degrees of freedom: 2180100
   Volume of triangulation:      90480.5
   Number of active cells:       524484
   Number of degrees of freedom: 2181312
   Volume of triangulation:      90480.5
   Number of active cells:       525324
   Number of degrees of freedom: 2185752
   Volume of triangulation:      90480.5
   Number of active cells:       529132
   Number of degrees of freedom: 2204560
   Volume of triangulation:      90480.5
   Number of active cells:       547836
   Number of degrees of freedom: 2291948
   Volume of triangulation:      90480.5
   Number of active cells:       547892
   Number of degrees of freedom: 2292220
   Volume of triangulation:      90480.5


+---------------------------------------------+------------+------------+
| Total wallclock time elapsed since start    |       108s |            |
|                                             |            |            |
| Section                         | no. calls |  wall time | % of total |
+---------------------------------+-----------+------------+------------+
| refine                          |         5 |      88.4s |        82% |
| setup_dofs                      |         6 |      55.7s |        52% |
| vertices_to_cell_map            |         1 |     0.294s |      0.27% |
+---------------------------------+-----------+------------+------------+


*****************************************************************
Steady iteration :        1/6
*****************************************************************
Newton iteration: 0  - Residual:  37.0245
  -Tolerance of iterative solver is : 0.0370245
  -Iterative solver took : 3 steps 
		alpha =      1 res = 6.955
Newton iteration: 1  - Residual:  6.955
  -Tolerance of iterative solver is : 0.006955
  -Iterative solver took : 6 steps 
		alpha =      1 res = 0.008346
Newton iteration: 2  - Residual:  0.008346
  -Tolerance of iterative solver is : 8.346e-06
  -Iterative solver took : 10 steps 
		alpha =      1 res = 1.8e-05


+---------------------------------------------+------------+------------+
| Total wallclock time elapsed since start    |       240s |            |
|                                             |            |            |
| Section                         | no. calls |  wall time | % of total |
+---------------------------------+-----------+------------+------------+
| assemble_rhs                    |         3 |      24.4s |        10% |
| assemble_sharp                  |         6 |      12.5s |       5.2% |
| assemble_system                 |         3 |       105s |        44% |
| output                          |         2 |        11s |       4.6% |
| setup_AMG                       |         3 |      72.3s |        30% |
| solve_linear_system             |         3 |      13.8s |       5.8% |
+---------------------------------+-----------+------------+------------+

+------------------------------------------+
|  Force  summary particle 0               |
+------------------------------------------+
particle ID    f_x      f_y       f_z    
          0 10.720043 0.000041 -0.001377 
particle ID    T_x       T_y      T_z    
          0 -0.000048 -0.000710 0.000596 

*****************************************************************
Steady iteration :        2/6
*****************************************************************
   Number of active cells:       698315
   Number of degrees of freedom: 2960716
   Volume of triangulation:      9.048e+04
Newton iteration: 0  - Residual:  0.3347
  -Tolerance of iterative solver is : 0.0003347
  -Iterative solver took : 5 steps 
		alpha =      1 res = 0.0002379
Newton iteration: 1  - Residual:  0.0002379
  -Tolerance of iterative solver is : 2.379e-07
  -Iterative solver took : 13 steps 
		alpha =      1 res = 2.028e-07


+---------------------------------------------+------------+------------+
| Total wallclock time elapsed since start    |       248s |            |
|                                             |            |            |
| Section                         | no. calls |  wall time | % of total |
+---------------------------------+-----------+------------+------------+
| assemble_rhs                    |         2 |      20.6s |       8.3% |
| assemble_sharp                  |         4 |       9.4s |       3.8% |
| assemble_system                 |         2 |      91.5s |        37% |
| force_evaluation                |         1 |      1.39s |      0.56% |
| output                          |         1 |      7.82s |       3.2% |
| output_forces_ib                |         1 |    0.0185s |         0% |
| refine                          |         1 |      28.4s |        11% |
| setup_AMG                       |         2 |      69.5s |        28% |
| setup_dofs                      |         1 |      13.7s |       5.5% |
| solve_linear_system             |         2 |      16.6s |       6.7% |
| vertices_to_cell_map            |         1 |      0.63s |      0.25% |
+---------------------------------+-----------+------------+------------+

+------------------------------------------+
|  Force  summary particle 0               |
+------------------------------------------+
particle ID    f_x       f_y       f_z    
          0 10.720043  0.000041 -0.001377 
          0 10.609370 -0.000000  0.000000 
particle ID    T_x       T_y       T_z    
          0 -0.000048 -0.000710  0.000596 
          0 -0.000000  0.000001 -0.000001 

*****************************************************************
Steady iteration :        3/6
*****************************************************************
   Number of active cells:       786746
   Number of degrees of freedom: 3349808
   Volume of triangulation:      9.048e+04
Newton iteration: 0  - Residual:  0.1171
  -Tolerance of iterative solver is : 0.0001171
  -Iterative solver took : 4 steps 
		alpha =      1 res = 0.0001046
Newton iteration: 1  - Residual:  0.0001046
  -Tolerance of iterative solver is : 1.046e-07
  -Iterative solver took : 14 steps 
		alpha =      1 res = 6.454e-08


+---------------------------------------------+------------+------------+
| Total wallclock time elapsed since start    |       289s |            |
|                                             |            |            |
| Section                         | no. calls |  wall time | % of total |
+---------------------------------+-----------+------------+------------+
| assemble_rhs                    |         2 |      23.1s |         8% |
| assemble_sharp                  |         4 |      11.2s |       3.9% |
| assemble_system                 |         2 |       104s |        36% |
| force_evaluation                |         1 |      1.29s |      0.44% |
| output                          |         1 |      9.11s |       3.1% |
| output_forces_ib                |         1 |     0.025s |         0% |
| refine                          |         1 |      33.8s |        12% |
| setup_AMG                       |         2 |        84s |        29% |
| setup_dofs                      |         1 |      16.3s |       5.6% |
| solve_linear_system             |         2 |      19.7s |       6.8% |
| vertices_to_cell_map            |         1 |     0.867s |       0.3% |
+---------------------------------+-----------+------------+------------+

+------------------------------------------+
|  Force  summary particle 0               |
+------------------------------------------+
particle ID    f_x       f_y       f_z    
          0 10.720043  0.000041 -0.001377 
          0 10.609370 -0.000000  0.000000 
          0 10.607204  0.000000 -0.000000 
particle ID    T_x       T_y       T_z    
          0 -0.000048 -0.000710  0.000596 
          0 -0.000000  0.000001 -0.000001 
          0 -0.000000  0.000001 -0.000000 

*****************************************************************
Steady iteration :        4/6
*****************************************************************
   Number of active cells:       896611
   Number of degrees of freedom: 3810580
   Volume of triangulation:      9.048e+04
Newton iteration: 0  - Residual:  0.03883
  -Tolerance of iterative solver is : 3.883e-05
  -Iterative solver took : 4 steps 
		alpha =      1 res = 3.279e-05


+---------------------------------------------+------------+------------+
| Total wallclock time elapsed since start    |       186s |            |
|                                             |            |            |
| Section                         | no. calls |  wall time | % of total |
+---------------------------------+-----------+------------+------------+
| assemble_rhs                    |         1 |      13.2s |       7.1% |
| assemble_sharp                  |         2 |      6.21s |       3.3% |
| assemble_system                 |         1 |      60.5s |        33% |
| force_evaluation                |         1 |      1.61s |      0.87% |
| output                          |         1 |        10s |       5.4% |
| output_forces_ib                |         1 |      0.03s |         0% |
| refine                          |         1 |      39.5s |        21% |
| setup_AMG                       |         1 |      45.1s |        24% |
| setup_dofs                      |         1 |      18.4s |       9.9% |
| solve_linear_system             |         1 |      6.07s |       3.3% |
| vertices_to_cell_map            |         1 |     0.987s |      0.53% |
+---------------------------------+-----------+------------+------------+

+------------------------------------------+
|  Force  summary particle 0               |
+------------------------------------------+
particle ID    f_x       f_y       f_z    
          0 10.720043  0.000041 -0.001377 
          0 10.609370 -0.000000  0.000000 
          0 10.607204  0.000000 -0.000000 
          0 10.606563 -0.000112 -0.000107 
particle ID    T_x       T_y       T_z    
          0 -0.000048 -0.000710  0.000596 
          0 -0.000000  0.000001 -0.000001 
          0 -0.000000  0.000001 -0.000000 
          0 -0.000002 -0.000024  0.000045 

*****************************************************************
Steady iteration :        5/6
*****************************************************************
   Number of active cells:       977083
   Number of degrees of freedom: 4184668
   Volume of triangulation:      9.048e+04
Newton iteration: 0  - Residual:  0.01381
  -Tolerance of iterative solver is : 1.381e-05
  -Iterative solver took : 6 steps 
		alpha =      1 res = 8.908e-06


+---------------------------------------------+------------+------------+
| Total wallclock time elapsed since start    |       205s |            |
|                                             |            |            |
| Section                         | no. calls |  wall time | % of total |
+---------------------------------+-----------+------------+------------+
| assemble_rhs                    |         1 |      14.9s |       7.2% |
| assemble_sharp                  |         2 |      6.17s |         3% |
| assemble_system                 |         1 |      66.1s |        32% |
| force_evaluation                |         1 |       1.7s |      0.83% |
| output                          |         1 |      10.8s |       5.3% |
| output_forces_ib                |         1 |     0.044s |         0% |
| refine                          |         1 |        45s |        22% |
| setup_AMG                       |         1 |      48.4s |        24% |
| setup_dofs                      |         1 |      20.6s |        10% |
| solve_linear_system             |         1 |      8.54s |       4.2% |
| vertices_to_cell_map            |         1 |       1.1s |      0.54% |
+---------------------------------+-----------+------------+------------+

+------------------------------------------+
|  Force  summary particle 0               |
+------------------------------------------+
particle ID    f_x       f_y       f_z    
          0 10.720043  0.000041 -0.001377 
          0 10.609370 -0.000000  0.000000 
          0 10.607204  0.000000 -0.000000 
          0 10.606563 -0.000112 -0.000107 
          0 10.606639 -0.000029 -0.000045 
particle ID    T_x       T_y       T_z    
          0 -0.000048 -0.000710  0.000596 
          0 -0.000000  0.000001 -0.000001 
          0 -0.000000  0.000001 -0.000000 
          0 -0.000002 -0.000024  0.000045 
          0  0.000001 -0.000012  0.000004 

*****************************************************************
Steady iteration :        6/6
*****************************************************************
   Number of active cells:       1011152
   Number of degrees of freedom: 4475124
   Volume of triangulation:      9.048e+04
Newton iteration: 0  - Residual:  0.02359
  -Tolerance of iterative solver is : 2.359e-05
  -Iterative solver took : 4 steps 
		alpha =      1 res = 2.083e-05


+---------------------------------------------+------------+------------+
| Total wallclock time elapsed since start    |       212s |            |
|                                             |            |            |
| Section                         | no. calls |  wall time | % of total |
+---------------------------------+-----------+------------+------------+
| assemble_rhs                    |         1 |      15.3s |       7.2% |
| assemble_sharp                  |         2 |      6.64s |       3.1% |
| assemble_system                 |         1 |      68.6s |        32% |
| force_evaluation                |         1 |      1.75s |      0.82% |
| output                          |         1 |      11.3s |       5.3% |
| output_forces_ib                |         1 |    0.0477s |         0% |
| refine                          |         1 |      48.6s |        23% |
| setup_AMG                       |         1 |      49.3s |        23% |
| setup_dofs                      |         1 |      21.6s |        10% |
| solve_linear_system             |         1 |      6.72s |       3.2% |
| vertices_to_cell_map            |         1 |      1.47s |      0.69% |
+---------------------------------+-----------+------------+------------+

+------------------------------------------+
|  Force  summary particle 0               |
+------------------------------------------+
particle ID    f_x       f_y       f_z    
          0 10.720043  0.000041 -0.001377 
          0 10.609370 -0.000000  0.000000 
          0 10.607204  0.000000 -0.000000 
          0 10.606563 -0.000112 -0.000107 
          0 10.606639 -0.000029 -0.000045 
          0 10.606698 -0.000005 -0.000025 
particle ID    T_x       T_y       T_z    
          0 -0.000048 -0.000710  0.000596 
          0 -0.000000  0.000001 -0.000001 
          0 -0.000000  0.000001 -0.000000 
          0 -0.000002 -0.000024  0.000045 
          0  0.000001 -0.000012  0.000004 
          0 -0.000001 -0.000003  0.000003 


+---------------------------------------------+------------+------------+
| Total wallclock time elapsed since start    |      3.58s |            |
|                                             |            |            |
| Section                         | no. calls |  wall time | % of total |
+---------------------------------+-----------+------------+------------+
| force_evaluation                |         1 |      1.87s |        52% |
| output_forces_ib                |         1 |    0.0424s |       1.2% |
+---------------------------------+-----------+------------+------------+

