Unloading StdEnv/2020
Running on 4 MPI rank(s)...
   Number of active cells:       524288
   Number of degrees of freedom: 2180100
   Volume of triangulation:      12205.8
   Number of active cells:       524848
   Number of degrees of freedom: 2183172
   Volume of triangulation:      12205.8
   Number of active cells:       528264
   Number of degrees of freedom: 2200268
   Volume of triangulation:      12205.8
   Number of active cells:       546492
   Number of degrees of freedom: 2285300
   Volume of triangulation:      12205.8
   Number of active cells:       653508
   Number of degrees of freedom: 2760172
   Volume of triangulation:      12205.8
   Number of active cells:       653508
   Number of degrees of freedom: 2760172
   Volume of triangulation:      12205.8


+---------------------------------------------+------------+------------+
| Total wallclock time elapsed since start    |       128s |            |
|                                             |            |            |
| Section                         | no. calls |  wall time | % of total |
+---------------------------------+-----------+------------+------------+
| refine                          |         5 |       106s |        83% |
| setup_dofs                      |         6 |      64.1s |        50% |
| vertices_to_cell_map            |         1 |     0.336s |      0.26% |
+---------------------------------+-----------+------------+------------+


*****************************************************************
Steady iteration :        1/6
*****************************************************************
Newton iteration: 0  - Residual:  17.1695
  -Tolerance of iterative solver is : 0.0171695
  -Iterative solver took : 4 steps 
		alpha =      1 res = 1.725
Newton iteration: 1  - Residual:  1.725
  -Tolerance of iterative solver is : 0.001725
  -Iterative solver took : 8 steps 
		alpha =      1 res = 0.002855
Newton iteration: 2  - Residual:  0.002855
  -Tolerance of iterative solver is : 2.855e-06
  -Iterative solver took : 12 steps 
		alpha =      1 res = 2.244e-06


+---------------------------------------------+------------+------------+
| Total wallclock time elapsed since start    |       348s |            |
|                                             |            |            |
| Section                         | no. calls |  wall time | % of total |
+---------------------------------+-----------+------------+------------+
| assemble_rhs                    |         3 |        31s |       8.9% |
| assemble_sharp                  |         6 |      25.5s |       7.3% |
| assemble_system                 |         3 |       141s |        40% |
| output                          |         2 |        14s |         4% |
| setup_AMG                       |         3 |       114s |        33% |
| solve_linear_system             |         3 |      22.8s |       6.5% |
+---------------------------------+-----------+------------+------------+

+------------------------------------------+
|  Force  summary particle 0               |
+------------------------------------------+
particle ID    f_x      f_y      f_z    
          0 10.910273 0.000003 0.000000 
particle ID    T_x      T_y       T_z    
          0 -0.000000 0.000001 -0.000000 

*****************************************************************
Steady iteration :        2/6
*****************************************************************
   Number of active cells:       766446
   Number of degrees of freedom: 3262608
   Volume of triangulation:      1.221e+04
Newton iteration: 0  - Residual:  0.1704
  -Tolerance of iterative solver is : 0.0001704
  -Iterative solver took : 4 steps 
		alpha =      1 res = 0.0001506
Newton iteration: 1  - Residual:  0.0001506
  -Tolerance of iterative solver is : 1.506e-07
  -Iterative solver took : 14 steps 
		alpha =      1 res = 1.134e-07


+---------------------------------------------+------------+------------+
| Total wallclock time elapsed since start    |       310s |            |
|                                             |            |            |
| Section                         | no. calls |  wall time | % of total |
+---------------------------------+-----------+------------+------------+
| assemble_rhs                    |         2 |      24.4s |       7.9% |
| assemble_sharp                  |         4 |      20.1s |       6.5% |
| assemble_system                 |         2 |       111s |        36% |
| force_evaluation                |         1 |      1.61s |      0.52% |
| output                          |         1 |      9.11s |       2.9% |
| output_forces_ib                |         1 |    0.0239s |         0% |
| refine                          |         1 |      32.6s |        11% |
| setup_AMG                       |         2 |        89s |        29% |
| setup_dofs                      |         1 |      15.9s |       5.1% |
| solve_linear_system             |         2 |      19.7s |       6.3% |
| vertices_to_cell_map            |         1 |     0.742s |      0.24% |
+---------------------------------+-----------+------------+------------+

+------------------------------------------+
|  Force  summary particle 0               |
+------------------------------------------+
particle ID    f_x       f_y      f_z    
          0 10.910273  0.000003 0.000000 
          0 10.909030 -0.000000 0.000000 
particle ID    T_x      T_y       T_z    
          0 -0.000000 0.000001 -0.000000 
          0  0.000000 0.000001 -0.000001 

*****************************************************************
Steady iteration :        3/6
*****************************************************************
   Number of active cells:       953829
   Number of degrees of freedom: 4060396
   Volume of triangulation:      1.221e+04
Newton iteration: 0  - Residual:  0.05865
  -Tolerance of iterative solver is : 5.865e-05
  -Iterative solver took : 4 steps 
		alpha =      1 res = 5.173e-05


+---------------------------------------------+------------+------------+
| Total wallclock time elapsed since start    |       212s |            |
|                                             |            |            |
| Section                         | no. calls |  wall time | % of total |
+---------------------------------+-----------+------------+------------+
| assemble_rhs                    |         1 |      15.4s |       7.3% |
| assemble_sharp                  |         2 |      9.01s |       4.2% |
| assemble_system                 |         1 |      69.9s |        33% |
| force_evaluation                |         1 |      1.77s |      0.83% |
| output                          |         1 |      11.4s |       5.4% |
| output_forces_ib                |         1 |    0.0973s |         0% |
| refine                          |         1 |      42.6s |        20% |
| setup_AMG                       |         1 |      52.3s |        25% |
| setup_dofs                      |         1 |        20s |       9.4% |
| solve_linear_system             |         1 |      6.23s |       2.9% |
| vertices_to_cell_map            |         1 |      1.09s |      0.51% |
+---------------------------------+-----------+------------+------------+

+------------------------------------------+
|  Force  summary particle 0               |
+------------------------------------------+
particle ID    f_x       f_y       f_z    
          0 10.910273  0.000003  0.000000 
          0 10.909030 -0.000000  0.000000 
          0 10.908553 -0.000069 -0.000222 
particle ID    T_x       T_y       T_z    
          0 -0.000000  0.000001 -0.000000 
          0  0.000000  0.000001 -0.000001 
          0  0.000006 -0.000065  0.000076 

*****************************************************************
Steady iteration :        4/6
*****************************************************************
   Number of active cells:       1229454
   Number of degrees of freedom: 5281876
   Volume of triangulation:      1.221e+04
Newton iteration: 0  - Residual:  0.01986
  -Tolerance of iterative solver is : 1.986e-05
  -Iterative solver took : 6 steps 
		alpha =      1 res = 1.238e-05


+---------------------------------------------+------------+------------+
| Total wallclock time elapsed since start    |       276s |            |
|                                             |            |            |
| Section                         | no. calls |  wall time | % of total |
+---------------------------------+-----------+------------+------------+
| assemble_rhs                    |         1 |        20s |       7.3% |
| assemble_sharp                  |         2 |      10.4s |       3.8% |
| assemble_system                 |         1 |      90.3s |        33% |
| force_evaluation                |         1 |      1.84s |      0.67% |
| output                          |         1 |      14.6s |       5.3% |
| output_forces_ib                |         1 |    0.0359s |         0% |
| refine                          |         1 |      56.2s |        20% |
| setup_AMG                       |         1 |        66s |        24% |
| setup_dofs                      |         1 |      26.8s |       9.7% |
| solve_linear_system             |         1 |      11.8s |       4.3% |
| vertices_to_cell_map            |         1 |      1.31s |      0.48% |
+---------------------------------+-----------+------------+------------+

+------------------------------------------+
|  Force  summary particle 0               |
+------------------------------------------+
particle ID    f_x       f_y       f_z    
          0 10.910273  0.000003  0.000000 
          0 10.909030 -0.000000  0.000000 
          0 10.908553 -0.000069 -0.000222 
          0 10.909199 -0.000042 -0.000104 
particle ID    T_x       T_y       T_z    
          0 -0.000000  0.000001 -0.000000 
          0  0.000000  0.000001 -0.000001 
          0  0.000006 -0.000065  0.000076 
          0  0.000000 -0.000031  0.000024 

*****************************************************************
Steady iteration :        5/6
*****************************************************************
   Number of active cells:       1499451
   Number of degrees of freedom: 6666892
   Volume of triangulation:      1.221e+04
Newton iteration: 0  - Residual:  0.02006
  -Tolerance of iterative solver is : 2.006e-05
  -Iterative solver took : 5 steps 
		alpha =      1 res = 1.454e-05


+---------------------------------------------+------------+------------+
| Total wallclock time elapsed since start    |       340s |            |
|                                             |            |            |
| Section                         | no. calls |  wall time | % of total |
+---------------------------------+-----------+------------+------------+
| assemble_rhs                    |         1 |        25s |       7.4% |
| assemble_sharp                  |         2 |      12.2s |       3.6% |
| assemble_system                 |         1 |       112s |        33% |
| force_evaluation                |         1 |      2.39s |       0.7% |
| output                          |         1 |        18s |       5.3% |
| output_forces_ib                |         1 |    0.0589s |         0% |
| refine                          |         1 |      71.2s |        21% |
| setup_AMG                       |         1 |      79.8s |        23% |
| setup_dofs                      |         1 |      34.8s |        10% |
| solve_linear_system             |         1 |      13.7s |         4% |
| vertices_to_cell_map            |         1 |      1.69s |       0.5% |
+---------------------------------+-----------+------------+------------+

+------------------------------------------+
|  Force  summary particle 0               |
+------------------------------------------+
particle ID    f_x       f_y       f_z    
          0 10.910273  0.000003  0.000000 
          0 10.909030 -0.000000  0.000000 
          0 10.908553 -0.000069 -0.000222 
          0 10.909199 -0.000042 -0.000104 
          0 10.909637 -0.000030 -0.000048 
particle ID    T_x       T_y       T_z    
          0 -0.000000  0.000001 -0.000000 
          0  0.000000  0.000001 -0.000001 
          0  0.000006 -0.000065  0.000076 
          0  0.000000 -0.000031  0.000024 
          0  0.000004 -0.000015  0.000007 

*****************************************************************
Steady iteration :        6/6
*****************************************************************
   Number of active cells:       1845713
   Number of degrees of freedom: 8145820
   Volume of triangulation:      1.221e+04
Newton iteration: 0  - Residual:  0.0144
  -Tolerance of iterative solver is : 1.44e-05
  -Iterative solver took : 5 steps 
		alpha =      1 res = 9.517e-06


+---------------------------------------------+------------+------------+
| Total wallclock time elapsed since start    |       423s |            |
|                                             |            |            |
| Section                         | no. calls |  wall time | % of total |
+---------------------------------+-----------+------------+------------+
| assemble_rhs                    |         1 |      30.7s |       7.2% |
| assemble_sharp                  |         2 |      14.6s |       3.4% |
| assemble_system                 |         1 |       138s |        33% |
| force_evaluation                |         1 |      2.89s |      0.68% |
| output                          |         1 |      21.7s |       5.1% |
| output_forces_ib                |         1 |    0.0658s |         0% |
| refine                          |         1 |      91.6s |        22% |
| setup_AMG                       |         1 |      99.5s |        24% |
| setup_dofs                      |         1 |      44.6s |        11% |
| solve_linear_system             |         1 |      17.2s |       4.1% |
| vertices_to_cell_map            |         1 |      2.28s |      0.54% |
+---------------------------------+-----------+------------+------------+

+------------------------------------------+
|  Force  summary particle 0               |
+------------------------------------------+
particle ID    f_x       f_y       f_z    
          0 10.910273  0.000003  0.000000 
          0 10.909030 -0.000000  0.000000 
          0 10.908553 -0.000069 -0.000222 
          0 10.909199 -0.000042 -0.000104 
          0 10.909637 -0.000030 -0.000048 
          0 10.909592 -0.000012 -0.000060 
particle ID    T_x       T_y       T_z    
          0 -0.000000  0.000001 -0.000000 
          0  0.000000  0.000001 -0.000001 
          0  0.000006 -0.000065  0.000076 
          0  0.000000 -0.000031  0.000024 
          0  0.000004 -0.000015  0.000007 
          0 -0.000004 -0.000018  0.000007 


+---------------------------------------------+------------+------------+
| Total wallclock time elapsed since start    |      6.77s |            |
|                                             |            |            |
| Section                         | no. calls |  wall time | % of total |
+---------------------------------+-----------+------------+------------+
| force_evaluation                |         1 |       3.5s |        52% |
| output_forces_ib                |         1 |    0.0815s |       1.2% |
+---------------------------------+-----------+------------+------------+

