Unloading StdEnv/2020
Running on 4 MPI rank(s)...
   Number of active cells:       524288
   Number of degrees of freedom: 2180100
   Volume of triangulation:      67984
   Number of active cells:       524484
   Number of degrees of freedom: 2181312
   Volume of triangulation:      67984
   Number of active cells:       525492
   Number of degrees of freedom: 2186616
   Volume of triangulation:      67984
   Number of active cells:       529720
   Number of degrees of freedom: 2207388
   Volume of triangulation:      67984
   Number of active cells:       554276
   Number of degrees of freedom: 2322064
   Volume of triangulation:      67984
   Number of active cells:       555172
   Number of degrees of freedom: 2325648
   Volume of triangulation:      67984


+---------------------------------------------+------------+------------+
| Total wallclock time elapsed since start    |       123s |            |
|                                             |            |            |
| Section                         | no. calls |  wall time | % of total |
+---------------------------------+-----------+------------+------------+
| refine                          |         5 |       101s |        82% |
| setup_dofs                      |         6 |      63.5s |        52% |
| vertices_to_cell_map            |         1 |     0.289s |      0.23% |
+---------------------------------+-----------+------------+------------+


*****************************************************************
Steady iteration :        1/6
*****************************************************************
Newton iteration: 0  - Residual:  32.9796
  -Tolerance of iterative solver is : 0.0329796
  -Iterative solver took : 4 steps 
		alpha =      1 res = 5.683
Newton iteration: 1  - Residual:  5.683
  -Tolerance of iterative solver is : 0.005683
  -Iterative solver took : 7 steps 
		alpha =      1 res = 0.007703
Newton iteration: 2  - Residual:  0.007703
  -Tolerance of iterative solver is : 7.703e-06
  -Iterative solver took : 10 steps 
		alpha =      1 res = 6.838e-06


+---------------------------------------------+------------+------------+
| Total wallclock time elapsed since start    |       286s |            |
|                                             |            |            |
| Section                         | no. calls |  wall time | % of total |
+---------------------------------+-----------+------------+------------+
| assemble_rhs                    |         3 |      27.5s |       9.6% |
| assemble_sharp                  |         6 |      16.2s |       5.7% |
| assemble_system                 |         3 |       126s |        44% |
| output                          |         2 |      12.4s |       4.3% |
| setup_AMG                       |         3 |      86.1s |        30% |
| solve_linear_system             |         3 |      17.3s |       6.1% |
+---------------------------------+-----------+------------+------------+

+------------------------------------------+
|  Force  summary particle 0               |
+------------------------------------------+
particle ID    f_x       f_y      f_z    
          0 10.587607 -0.000045 0.000147 
particle ID   T_x      T_y       T_z    
          0 0.000002 0.000019 -0.000007 

*****************************************************************
Steady iteration :        2/6
*****************************************************************
   Number of active cells:       683867
   Number of degrees of freedom: 2907336
   Volume of triangulation:      6.798e+04
Newton iteration: 0  - Residual:  0.2407
  -Tolerance of iterative solver is : 0.0002407
  -Iterative solver took : 5 steps 
		alpha =      1 res = 0.000199
Newton iteration: 1  - Residual:  0.000199
  -Tolerance of iterative solver is : 1.99e-07
  -Iterative solver took : 13 steps 
		alpha =      1 res = 2.304e-06


+---------------------------------------------+------------+------------+
| Total wallclock time elapsed since start    |       283s |            |
|                                             |            |            |
| Section                         | no. calls |  wall time | % of total |
+---------------------------------+-----------+------------+------------+
| assemble_rhs                    |         2 |      22.7s |         8% |
| assemble_sharp                  |         4 |      10.9s |       3.8% |
| assemble_system                 |         2 |       106s |        37% |
| force_evaluation                |         1 |      1.57s |      0.55% |
| output                          |         1 |      8.43s |         3% |
| output_forces_ib                |         1 |    0.0206s |         0% |
| refine                          |         1 |      31.2s |        11% |
| setup_AMG                       |         2 |      82.2s |        29% |
| setup_dofs                      |         1 |      15.1s |       5.3% |
| solve_linear_system             |         2 |      17.9s |       6.3% |
| vertices_to_cell_map            |         1 |      0.71s |      0.25% |
+---------------------------------+-----------+------------+------------+

+------------------------------------------+
|  Force  summary particle 0               |
+------------------------------------------+
particle ID    f_x       f_y      f_z    
          0 10.587607 -0.000045 0.000147 
          0 10.605663 -0.000984 0.000500 
particle ID   T_x      T_y       T_z    
          0 0.000002 0.000019 -0.000007 
          0 0.000000 0.000001 -0.000001 

*****************************************************************
Steady iteration :        3/6
*****************************************************************
   Number of active cells:       781986
   Number of degrees of freedom: 3333772
   Volume of triangulation:      6.798e+04
Newton iteration: 0  - Residual:  0.08288
  -Tolerance of iterative solver is : 8.288e-05
  -Iterative solver took : 5 steps 
		alpha =      1 res = 7.206e-05


+---------------------------------------------+------------+------------+
| Total wallclock time elapsed since start    |       176s |            |
|                                             |            |            |
| Section                         | no. calls |  wall time | % of total |
+---------------------------------+-----------+------------+------------+
| assemble_rhs                    |         1 |      12.6s |       7.2% |
| assemble_sharp                  |         2 |      6.25s |       3.5% |
| assemble_system                 |         1 |      58.3s |        33% |
| force_evaluation                |         1 |      1.45s |      0.82% |
| output                          |         1 |      9.31s |       5.3% |
| output_forces_ib                |         1 |     0.059s |         0% |
| refine                          |         1 |      34.5s |        20% |
| setup_AMG                       |         1 |      44.3s |        25% |
| setup_dofs                      |         1 |      16.9s |       9.6% |
| solve_linear_system             |         1 |      6.59s |       3.7% |
| vertices_to_cell_map            |         1 |     0.974s |      0.55% |
+---------------------------------+-----------+------------+------------+

+------------------------------------------+
|  Force  summary particle 0               |
+------------------------------------------+
particle ID    f_x       f_y       f_z    
          0 10.587607 -0.000045  0.000147 
          0 10.605663 -0.000984  0.000500 
          0 10.606716  0.001972 -0.000893 
particle ID   T_x       T_y       T_z    
          0 0.000002  0.000019 -0.000007 
          0 0.000000  0.000001 -0.000001 
          0 0.000009 -0.000125  0.000067 

*****************************************************************
Steady iteration :        4/6
*****************************************************************
   Number of active cells:       902855
   Number of degrees of freedom: 3840212
   Volume of triangulation:      6.798e+04
Newton iteration: 0  - Residual:  0.0258
  -Tolerance of iterative solver is : 2.58e-05
  -Iterative solver took : 6 steps 
		alpha =      1 res = 1.722e-05


+---------------------------------------------+------------+------------+
| Total wallclock time elapsed since start    |       206s |            |
|                                             |            |            |
| Section                         | no. calls |  wall time | % of total |
+---------------------------------+-----------+------------+------------+
| assemble_rhs                    |         1 |      14.7s |       7.2% |
| assemble_sharp                  |         2 |       6.4s |       3.1% |
| assemble_system                 |         1 |      66.9s |        33% |
| force_evaluation                |         1 |      1.62s |      0.79% |
| output                          |         1 |      10.7s |       5.2% |
| output_forces_ib                |         1 |     0.135s |         0% |
| refine                          |         1 |      41.2s |        20% |
| setup_AMG                       |         1 |      52.4s |        25% |
| setup_dofs                      |         1 |      19.8s |       9.6% |
| solve_linear_system             |         1 |      8.01s |       3.9% |
| vertices_to_cell_map            |         1 |      1.09s |      0.53% |
+---------------------------------+-----------+------------+------------+

+------------------------------------------+
|  Force  summary particle 0               |
+------------------------------------------+
particle ID    f_x       f_y       f_z    
          0 10.587607 -0.000045  0.000147 
          0 10.605663 -0.000984  0.000500 
          0 10.606716  0.001972 -0.000893 
          0 10.607007 -0.000193 -0.000484 
particle ID   T_x       T_y       T_z    
          0 0.000002  0.000019 -0.000007 
          0 0.000000  0.000001 -0.000001 
          0 0.000009 -0.000125  0.000067 
          0 0.000001 -0.000029  0.000020 

*****************************************************************
Steady iteration :        5/6
*****************************************************************
   Number of active cells:       1027448
   Number of degrees of freedom: 4492028
   Volume of triangulation:      6.798e+04
Newton iteration: 0  - Residual:  0.01454
  -Tolerance of iterative solver is : 1.454e-05
  -Iterative solver took : 4 steps 
		alpha =      1 res = 1.238e-05


+---------------------------------------------+------------+------------+
| Total wallclock time elapsed since start    |       232s |            |
|                                             |            |            |
| Section                         | no. calls |  wall time | % of total |
+---------------------------------+-----------+------------+------------+
| assemble_rhs                    |         1 |        17s |       7.3% |
| assemble_sharp                  |         2 |      7.52s |       3.2% |
| assemble_system                 |         1 |      77.6s |        34% |
| force_evaluation                |         1 |      1.96s |      0.84% |
| output                          |         1 |      12.1s |       5.2% |
| output_forces_ib                |         1 |    0.0582s |         0% |
| refine                          |         1 |      49.6s |        21% |
| setup_AMG                       |         1 |      54.5s |        24% |
| setup_dofs                      |         1 |      23.1s |        10% |
| solve_linear_system             |         1 |      7.18s |       3.1% |
| vertices_to_cell_map            |         1 |      1.26s |      0.55% |
+---------------------------------+-----------+------------+------------+

+------------------------------------------+
|  Force  summary particle 0               |
+------------------------------------------+
particle ID    f_x       f_y       f_z    
          0 10.587607 -0.000045  0.000147 
          0 10.605663 -0.000984  0.000500 
          0 10.606716  0.001972 -0.000893 
          0 10.607007 -0.000193 -0.000484 
          0 10.606292 -0.000047 -0.000060 
particle ID   T_x       T_y       T_z    
          0 0.000002  0.000019 -0.000007 
          0 0.000000  0.000001 -0.000001 
          0 0.000009 -0.000125  0.000067 
          0 0.000001 -0.000029  0.000020 
          0 0.000000 -0.000014  0.000013 

*****************************************************************
Steady iteration :        6/6
*****************************************************************
   Number of active cells:       1102026
   Number of degrees of freedom: 4949204
   Volume of triangulation:      6.798e+04
Newton iteration: 0  - Residual:  0.02458
  -Tolerance of iterative solver is : 2.458e-05
  -Iterative solver took : 5 steps 
		alpha =      1 res = 2.111e-05


+---------------------------------------------+------------+------------+
| Total wallclock time elapsed since start    |       252s |            |
|                                             |            |            |
| Section                         | no. calls |  wall time | % of total |
+---------------------------------+-----------+------------+------------+
| assemble_rhs                    |         1 |      18.4s |       7.3% |
| assemble_sharp                  |         2 |      8.11s |       3.2% |
| assemble_system                 |         1 |        83s |        33% |
| force_evaluation                |         1 |      2.14s |      0.85% |
| output                          |         1 |      13.2s |       5.3% |
| output_forces_ib                |         1 |    0.0807s |         0% |
| refine                          |         1 |      56.5s |        22% |
| setup_AMG                       |         1 |      57.1s |        23% |
| setup_dofs                      |         1 |      25.7s |        10% |
| solve_linear_system             |         1 |      8.68s |       3.4% |
| vertices_to_cell_map            |         1 |      1.37s |      0.54% |
+---------------------------------+-----------+------------+------------+

+------------------------------------------+
|  Force  summary particle 0               |
+------------------------------------------+
particle ID    f_x       f_y       f_z    
          0 10.587607 -0.000045  0.000147 
          0 10.605663 -0.000984  0.000500 
          0 10.606716  0.001972 -0.000893 
          0 10.607007 -0.000193 -0.000484 
          0 10.606292 -0.000047 -0.000060 
          0 10.606707 -0.001830 -0.000368 
particle ID    T_x       T_y       T_z    
          0  0.000002  0.000019 -0.000007 
          0  0.000000  0.000001 -0.000001 
          0  0.000009 -0.000125  0.000067 
          0  0.000001 -0.000029  0.000020 
          0  0.000000 -0.000014  0.000013 
          0 -0.000001 -0.000005  0.000004 


+---------------------------------------------+------------+------------+
| Total wallclock time elapsed since start    |      4.34s |            |
|                                             |            |            |
| Section                         | no. calls |  wall time | % of total |
+---------------------------------+-----------+------------+------------+
| force_evaluation                |         1 |      2.42s |        56% |
| output_forces_ib                |         1 |    0.0591s |       1.4% |
+---------------------------------+-----------+------------+------------+

